<?xml version="1.0" encoding="UTF-8"?>
<!-- Generated by org.testng.reporters.JUnitReportReporter -->
<testsuite skipped="0" hostname="Nitin" name="testonjenkins.mydata" tests="1" failures="0" timestamp="27 Oct 2017 05:22:47 GMT" time="0.014" errors="0">
  <testcase name="test1" time="0.014" classname="testonjenkins.mydata"/>
</testsuite> <!-- testonjenkins.mydata -->
