<?xml version="1.0" encoding="UTF-8"?>
<!-- Generated by org.testng.reporters.JUnitReportReporter -->
<testsuite skipped="0" hostname="Nitin" name="testonjenkins.myanotherdata" tests="1" failures="0" timestamp="27 Oct 2017 05:22:47 GMT" time="0.001" errors="0">
  <testcase name="sample" time="0.001" classname="testonjenkins.myanotherdata"/>
</testsuite> <!-- testonjenkins.myanotherdata -->
